$ /bin/php83 -q -dmax_execution_time=0 -dmemory_limit=-1 -ddisplay_errors=0 -ddisplay_startup_errors=0 -derror_reporting=0 -dallow_url_fopen=1 -ddisable_functions= -ddate.timezone=Europe/Berlin /usr/www/users/secutia/pacehub_neu/web/contao-manager.phar.php composer require pacehub/contao-tools-calculators=2.1.0 --no-update --no-scripts --prefer-stable --sort-packages --no-ansi --no-interaction


# Process terminated with exit code 0
# Result: OK


> Resolving dependencies using Composer Cloud v3.8.2

[7.1MiB/0.23s] Loading composer repositories with package information
[60.4MiB/10.34s] Updating dependencies
[23.5MiB/10.84s] Lock file operations: 0 installs, 1 update, 0 removals
[23.5MiB/10.84s]   - Upgrading pacehub/contao-tools-calculators (2.0.1 => 2.1.0)
[22.8MiB/10.85s] Writing lock file
[12.7MiB/10.89s] <warning>Package doctrine/annotations is abandoned, you should avoid using it. No replacement was suggested.</warning>
[12.7MiB/10.89s] <warning>Package doctrine/cache is abandoned, you should avoid using it. No replacement was suggested.</warning>
[12.7MiB/10.89s] <warning>Package php-http/message-factory is abandoned, you should avoid using it. Use psr/http-factory instead.</warning>
[12.9MiB/11.28s] No security vulnerability advisories found.
[13.4MiB/11.30s] Memory usage: 13.41MB (peak: 155.24MB), time: 11.34s.
[13.4MiB/11.30s] Finished Composer Cloud resolving.


# Job ID MtUIwmYXWma6WZGuPicAuxHtKqMhhsOy0qKqfuQubURvhvYMDlpBmi3yvIZ0t7h5adAcEb33UM7d5p7HyKXYkY65I827rkDH2koWqMCiKmt completed in 14 seconds
# Memory usage: 13.41MB (peak: 155.24MB), time: 11.34s.

$ /bin/php83 -q -dmax_execution_time=0 -dmemory_limit=-1 -ddisplay_errors=0 -ddisplay_startup_errors=0 -derror_reporting=0 -dallow_url_fopen=1 -ddisable_functions= -ddate.timezone=Europe/Berlin /usr/www/users/secutia/pacehub_neu/web/contao-manager.phar.php composer install --no-dev --no-progress --no-ansi --no-interaction --optimize-autoloader


# Process terminated with exit code 0
# Result: OK
